<?xml version="1.0" encoding="UTF-8" ?>
<testsuite errors="0" failures="0" hostname="jolly" name="sample.UtilsJUnit4Test" tests="3" time="0.246" timestamp="2010-12-12T12:19:34">
  <properties>
    <property name="libs.jsp-compiler.javadoc" value="" />
    <property name="netbeans.autoupdate.country" value="US" />
    <property name="javac.test.classpath" value=":build/classes:/usr/local/netbeans/java/modules/ext/junit-3.8.2.jar:/usr/local/netbeans/platform/modules/ext/junit-4.5.jar" />
    <property name="libs.jsf20.maven-pom" value="" />
    <property name="libs.DataBindingME.src" value="" />
    <property name="libs.j2me_ant_ext.javadoc" value="" />
    <property name="libs.proguard.javadoc" value="" />
    <property name="libs.junit.javadoc" value="/usr/local/netbeans/java/docs/junit-3.8.2-api.zip" />
    <property name="libs.nsicom-ant-utils.src" value="" />
    <property name="libs.nokiaS80-ant-utils.javadoc" value="" />
    <property name="ant.core.lib" value="/usr/local/netbeans/java/ant/lib/ant.jar" />
    <property name="libs.swing-app-framework.src" value="" />
    <property name="libs.jakarta_slide_ant_webdav.javadoc" value="" />
    <property name="javadoc.windowtitle" value="" />
    <property name="libs.toplink.classpath" value="/usr/local/netbeans/java/modules/ext/toplink/toplink-essentials.jar:/usr/local/netbeans/java/modules/ext/toplink/toplink-essentials-agent.jar" />
    <property name="libs.jsp-compilation.javadoc" value="" />
    <property name="user.dir" value="/data/Code/JUnit-Sample" />
    <property name="libs.hibernate-persistence.javadoc" value="" />
    <property name="libs.JMUnit4CLDC10.javadoc" value="/usr/local/netbeans/mobility/modules/docs/jmunit-1.2.1-api.zip" />
    <property name="java.vm.version" value="17.1-b03" />
    <property name="libs.DataBindingME.classpath" value="/usr/local/netbeans/mobility/modules/ext/netbeans_databindingme.jar" />
    <property name="libs.jstl11.maven-pom" value="" />
    <property name="libs.nsicom-ant-utils.classpath" value="/usr/local/netbeans/mobility/ant/nblib/org-netbeans-modules-j2me-cdc-project-nsicom.jar" />
    <property name="libs.MySQLDriver.classpath" value="/usr/local/netbeans/ide/modules/ext/mysql-connector-java-5.1.6-bin.jar" />
    <property name="libs.jstl11.src" value="" />
    <property name="javadoc.notree" value="false" />
    <property name="netbeans.autoupdate.version" value="1.23" />
    <property name="libs.javaee-web-api-6.0.classpath" value="/usr/local/netbeans/enterprise/modules/ext/javaee-web-api-6.0.jar" />
    <property name="libs.DataBindingME-PIM.maven-pom" value="" />
    <property name="libs.hibernate-support.maven-pom" value="" />
    <property name="libs.hibernate-support.javadoc" value="" />
    <property name="libs.NetBeans MIDP Components.maven-pom" value="" />
    <property name="jdk.home" value="/usr/lib/jvm/java-6-sun" />
    <property name="libs.javac-api.src" value="" />
    <property name="javadoc.noindex" value="false" />
    <property name="sun.os.patch.level" value="unknown" />
    <property name="java.vm.specification.name" value="Java Virtual Machine Specification" />
    <property name="libs.semc-ant-utils.classpath" value="/usr/local/netbeans/mobility/modules/ext/org-netbeans-modules-j2me-cdc-project-semc.jar" />
    <property name="nb.show.statistics.ui" value="usageStatisticsEnabled" />
    <property name="libs.nokiadeployment.classpath" value="/usr/local/netbeans/mobility/modules/org-netbeans-modules-mobility-deployment-nokia.jar" />
    <property name="netbeans.autoupdate.variant" value="" />
    <property name="have.tests" value="true" />
    <property name="libs.nokiaS80-ant-utils.maven-pom" value="" />
    <property name="org.xml.sax.driver" value="com.sun.org.apache.xerces.internal.jaxp.SAXParserImpl$JAXPSAXParser" />
    <property name="libs.nb_svg_midp_components.src" value="/usr/local/netbeans/mobility/sources/nb_svg_midp_components-src.zip" />
    <property name="libs.NetBeans MIDP Components WMA.src" value="/usr/local/netbeans/mobility/sources/netbeans_midp_components_wma-src.zip" />
    <property name="libs.javac-api.javadoc" value="" />
    <property name="os.name" value="Linux" />
    <property name="libs.beans-binding.classpath" value="/usr/local/netbeans/java/modules/ext/beansbinding-1.2.1.jar" />
    <property name="libs.DataBindingME-SVG.javadoc" value="/usr/local/netbeans/mobility/modules/docs/netbeans_databindingme_svg-api.zip" />
    <property name="libs.restapi.javadoc" value="/usr/local/netbeans/enterprise/docs/jsr311-api-1.1.1-javadoc.zip" />
    <property name="libs.JWSAntTasks.maven-pom" value="" />
    <property name="libs.spring-webmvc3.0.src" value="" />
    <property name="libs.restapi.classpath" value="/usr/local/netbeans/enterprise/modules/ext/rest/jsr311-api-1.1.1.jar" />
    <property name="java.vendor.url.bug" value="http://java.sun.com/cgi-bin/bugreport.cgi" />
    <property name="libs.nsicom-ant-utils.javadoc" value="" />
    <property name="libs.jaxb.maven-pom" value="" />
    <property name="os.arch" value="amd64" />
    <property name="libs.eclipselink.src" value="" />
    <property name="user.name" value="michal" />
    <property name="libs.jsf12.javadoc" value="/usr/local/netbeans/enterprise/docs/javaee6-doc-api.zip" />
    <property name="ant.file.JUnitSampleSol" value="/home/michal/Code/JUnit-Sample/build.xml" />
    <property name="libs.spring-webmvc3.0.maven-pom" value="" />
    <property name="libs.swing-layout.maven-pom" value="" />
    <property name="build.classes.dir" value="build/classes" />
    <property name="netbeans.accept_license_class" value="org.netbeans.license.AcceptLicense" />
    <property name="build.sysclasspath" value="ignore" />
    <property name="libs.jaxws21.javadoc" value="/usr/local/netbeans/java/docs/jaxws-api-doc.zip" />
    <property name="includes" value="**" />
    <property name="platforms.default_fx_platform.java" value="/usr/lib/jvm/java-6-sun-1.6.0.22/jre/bin/java" />
    <property name="user.country" value="US" />
    <property name="libs.jstl11.javadoc" value="/usr/local/netbeans/enterprise/docs/javaee6-doc-api.zip" />
    <property name="libs.JMUnit4CLDC11.src" value="" />
    <property name="javadoc.encoding" value="UTF-8" />
    <property name="javac.classpath" value="" />
    <property name="netbeans.system_http_non_proxy_hosts" value="" />
    <property name="netbeans.home" value="/usr/local/netbeans/platform" />
    <property name="build.compiler.emacs" value="true" />
    <property name="libs.javaee-web-api-6.0.src" value="" />
    <property name="libs.ejb3-persistence.src" value="" />
    <property name="libs.nokiaS80-ant-utils.src" value="" />
    <property name="libs.cdc-pp-awt-layout.javadoc" value="" />
    <property name="libs.j2me_ant_ext.classpath" value="/usr/local/netbeans/mobility/modules/org-netbeans-modules-mobility-antext.jar:/usr/local/netbeans/java/modules/org-netbeans-modules-classfile.jar" />
    <property name="java.endorsed.dirs" value="/usr/lib/jvm/java-6-sun-1.6.0.22/jre/lib/endorsed" />
    <property name="libs.groovy-all.src" value="" />
    <property name="netbeans.dynamic.classpath" value="/usr/local/netbeans/platform/core/core.jar:/usr/local/netbeans/platform/core/org-openide-filesystems.jar:/usr/local/netbeans/platform/core/locale/org-openide-filesystems_ja.jar:/usr/local/netbeans/platform/core/locale/core_ja.jar:/usr/local/netbeans/platform/core/locale/org-openide-filesystems_pt_BR.jar:/usr/local/netbeans/platform/core/locale/org-openide-filesystems_zh_CN.jar:/usr/local/netbeans/platform/core/locale/core_pt_BR.jar:/usr/local/netbeans/platform/core/locale/core_zh_CN.jar:/usr/local/netbeans/nb/core/org-netbeans-upgrader.jar:/usr/local/netbeans/nb/core/locale/org-netbeans-upgrader_pt_BR.jar:/usr/local/netbeans/nb/core/locale/core_nb.jar:/usr/local/netbeans/nb/core/locale/core_nb_pt_BR.jar:/usr/local/netbeans/nb/core/locale/core_nb_ja.jar:/usr/local/netbeans/nb/core/locale/org-netbeans-upgrader_zh_CN.jar:/usr/local/netbeans/nb/core/locale/org-netbeans-upgrader_ja.jar:/usr/local/netbeans/nb/core/locale/core_nb_zh_CN.jar" />
    <property name="libs.cdc-agui-swing-layout.maven-pom" value="" />
    <property name="libs.cdc-pp-awt-layout.src" value="/usr/local/netbeans/mobility/sources/cdc-pp-awt-layout-src.zip" />
    <property name="java.vm.specification.version" value="1.0" />
    <property name="libs.jakarta_slide_ant_webdav.src" value="" />
    <property name="ant.file.JUnitSampleSol-impl" value="/home/michal/Code/JUnit-Sample/nbproject/build-impl.xml" />
    <property name="libs.javaee-api-6.0.classpath" value="/usr/local/netbeans/enterprise/modules/ext/javaee-api-6.0.jar" />
    <property name="libs.sjmc-ant-utils.maven-pom" value="" />
    <property name="libs.groovy-all.maven-pom" value="" />
    <property name="libs.JMUnit4CLDC10.maven-pom" value="" />
    <property name="libs.hibernate-persistence.classpath" value="/usr/local/netbeans/java/modules/ext/hibernate/antlr-2.7.6.jar:/usr/local/netbeans/java/modules/ext/hibernate/asm.jar:/usr/local/netbeans/java/modules/ext/hibernate/asm-attrs.jar:/usr/local/netbeans/java/modules/ext/hibernate/cglib-2.1.3.jar:/usr/local/netbeans/java/modules/ext/hibernate/commons-collections-2.1.1.jar:/usr/local/netbeans/ide/modules/ext/commons-logging-1.1.jar:/usr/local/netbeans/java/modules/ext/hibernate/dom4j-1.6.1.jar:/usr/local/netbeans/java/modules/ext/hibernate/ehcache-1.2.3.jar:/usr/local/netbeans/java/modules/ext/hibernate/jdbc2_0-stdext.jar:/usr/local/netbeans/java/modules/ext/hibernate/jta.jar:/usr/local/netbeans/java/modules/ext/hibernate/hibernate3.jar:/usr/local/netbeans/java/modules/ext/hibernate/hibernate-tools.jar:/usr/local/netbeans/java/modules/ext/hibernate/hibernate-annotations.jar:/usr/local/netbeans/java/modules/ext/hibernate/hibernate-commons-annotations.jar:/usr/local/netbeans/java/modules/ext/hibernate/hibernate-entitymanager.jar:/usr/local/netbeans/java/modules/ext/hibernate/javassist.jar:/usr/local/netbeans/java/modules/ext/hibernate/ejb3-persistence.jar" />
    <property name="libs.jaxws21.src" value="" />
    <property name="libs.swing-app-framework.classpath" value="/usr/local/netbeans/java/modules/ext/appframework-1.0.3.jar:/usr/local/netbeans/java/modules/ext/swing-worker-1.1.jar" />
    <property name="netbeans.autoupdate.language" value="en" />
    <property name="libs.jakarta_slide_ant_webdav.classpath" value="/usr/local/netbeans/mobility/modules/ext/commons-httpclient-3.0.1.jar:/usr/local/netbeans/ide/modules/ext/commons-logging-1.1.jar:/usr/local/netbeans/java/modules/ext/jdom-1.0.jar:/usr/local/netbeans/mobility/modules/ext/jakarta-slide-webdavlib-2.1.jar:/usr/local/netbeans/mobility/modules/ext/jakarta-slide-ant-webdav-2.1.jar" />
    <property name="java.vendor" value="Sun Microsystems Inc." />
    <property name="libs.JMUnit4CLDC10.src" value="" />
    <property name="libs.javaee-api-6.0.javadoc" value="/usr/local/netbeans/enterprise/docs/javaee6-doc-api.zip" />
    <property name="javac.debug" value="true" />
    <property name="javadoc.splitindex" value="true" />
    <property name="file.separator" value="/" />
    <property name="libs.IdentityAntTasks.src" value="" />
    <property name="libs.ActiveSync.classpath" value="/usr/local/netbeans/mobility/modules/ext/nbactivesync-5.0.jar" />
    <property name="libs.junit_4.maven-pom" value="" />
    <property name="netbeans.buildnumber" value="201007282301" />
    <property name="libs.JWSAntTasks.javadoc" value="" />
    <property name="sun.java.launcher" value="SUN_STANDARD" />
    <property name="libs.junit.classpath" value="/usr/local/netbeans/java/modules/ext/junit-3.8.2.jar" />
    <property name="libs.jaxb.javadoc" value="/usr/local/netbeans/ide/docs/jaxb-api-doc.zip" />
    <property name="libs.struts.classpath" value="/usr/local/netbeans/enterprise/modules/ext/struts/antlr-2.7.2.jar:/usr/local/netbeans/enterprise/modules/ext/struts/bsf-2.3.0.jar:/usr/local/netbeans/enterprise/modules/ext/struts/commons-beanutils-1.7.0.jar:/usr/local/netbeans/enterprise/modules/ext/struts/commons-chain-1.1.jar:/usr/local/netbeans/enterprise/modules/ext/struts/commons-digester-1.8.jar:/usr/local/netbeans/enterprise/modules/ext/struts/commons-fileupload-1.1.1.jar:/usr/local/netbeans/enterprise/modules/ext/struts/commons-io-1.1.jar:/usr/local/netbeans/enterprise/modules/ext/struts/commons-logging-1.0.4.jar:/usr/local/netbeans/enterprise/modules/ext/struts/commons-validator-1.3.1.jar:/usr/local/netbeans/enterprise/modules/ext/struts/jstl-1.0.2.jar:/usr/local/netbeans/enterprise/modules/ext/struts/oro-2.0.8.jar:/usr/local/netbeans/enterprise/modules/ext/struts/standard-1.0.2.jar:/usr/local/netbeans/enterprise/modules/ext/struts/struts-core-1.3.8.jar:/usr/local/netbeans/enterprise/modules/ext/struts/struts-el-1.3.8.jar:/usr/local/netbeans/enterprise/modules/ext/struts/struts-extras-1.3.8.jar:/usr/local/netbeans/enterprise/modules/ext/struts/struts-faces-1.3.8.jar:/usr/local/netbeans/enterprise/modules/ext/struts/struts-mailreader-dao-1.3.8.jar:/usr/local/netbeans/enterprise/modules/ext/struts/struts-scripting-1.3.8.jar:/usr/local/netbeans/enterprise/modules/ext/struts/struts-taglib-1.3.8.jar:/usr/local/netbeans/enterprise/modules/ext/struts/struts-tiles-1.3.8.jar" />
    <property name="ant.home" value="/usr/local/netbeans/java/ant" />
    <property name="libs.junit_4.src" value="/usr/local/netbeans/java/docs/junit-4.5-src.jar" />
    <property name="libs.ricoh-ant-utils.maven-pom" value="" />
    <property name="libs.absolutelayout.maven-pom" value="" />
    <property name="ant.java.version" value="1.6" />
    <property name="java.library.path" value="/usr/lib/jvm/java-6-sun-1.6.0.22/jre/lib/amd64/server:/usr/lib/jvm/java-6-sun-1.6.0.22/jre/lib/amd64:/usr/lib/jvm/java-6-sun-1.6.0.22/jre/../lib/amd64:/usr/java/packages/lib/amd64:/usr/lib64:/lib64:/lib:/usr/lib" />
    <property name="javadoc.author" value="false" />
    <property name="libs.metro.maven-pom" value="" />
    <property name="libs.IdentityAntTasks.classpath" value="/usr/local/netbeans/identity/ant/nblib/org-netbeans-modules-identity-ant.jar:/usr/local/netbeans/identity/modules/org-netbeans-modules-identity-profile-api.jar" />
    <property name="java.util.logging.config.class" value="org.netbeans.core.startup.TopLogging" />
    <property name="libs.PostgreSQLDriver.src" value="" />
    <property name="sun.arch.data.model" value="64" />
    <property name="basedir" value="/home/michal/Code/JUnit-Sample" />
    <property name="libs.ActiveSync.src" value="" />
    <property name="jar.compress" value="false" />
    <property name="libs.NetBeans MIDP Components PDA.src" value="/usr/local/netbeans/mobility/sources/netbeans_midp_components_pda-src.zip" />
    <property name="libs.jstl11.classpath" value="/usr/local/netbeans/enterprise/modules/ext/standard.jar:/usr/local/netbeans/enterprise/modules/ext/jstl.jar" />
    <property name="path.separator" value=":" />
    <property name="libs.javaee-web-api-6.0.javadoc" value="/usr/local/netbeans/enterprise/docs/javaee6-doc-api.zip" />
    <property name="sun.io.unicode.encoding" value="UnicodeLittle" />
    <property name="libs.semc-ant-utils.javadoc" value="" />
    <property name="libs.jaxws21.classpath" value="/usr/local/netbeans/ide/modules/ext/jaxb/jaxb-impl.jar:/usr/local/netbeans/ide/modules/ext/jaxb/jaxb-xjc.jar:/usr/local/netbeans/java/modules/ext/jaxws22/FastInfoset.jar:/usr/local/netbeans/java/modules/ext/jaxws22/gmbal-api-only.jar:/usr/local/netbeans/java/modules/ext/jaxws22/http.jar:/usr/local/netbeans/java/modules/ext/jaxws22/jaxws-rt.jar:/usr/local/netbeans/java/modules/ext/jaxws22/jaxws-tools.jar:/usr/local/netbeans/java/modules/ext/jaxws22/management-api.jar:/usr/local/netbeans/java/modules/ext/jaxws22/mimepull.jar:/usr/local/netbeans/java/modules/ext/jaxws22/policy.jar:/usr/local/netbeans/java/modules/ext/jaxws22/saaj-impl.jar:/usr/local/netbeans/java/modules/ext/jaxws22/stax-ex.jar:/usr/local/netbeans/java/modules/ext/jaxws22/streambuffer.jar:/usr/local/netbeans/java/modules/ext/jaxws22/woodstox.jar:/usr/local/netbeans/java/modules/ext/jaxws22/api/jaxws-api.jar:/usr/local/netbeans/java/modules/ext/jaxws22/api/jsr181-api.jar:/usr/local/netbeans/java/modules/ext/jaxws22/api/jsr250-api.jar:/usr/local/netbeans/java/modules/ext/jaxws22/api/saaj-api.jar:/usr/local/netbeans/ide/modules/ext/jaxb/activation.jar:/usr/local/netbeans/ide/modules/ext/jaxb/api/jaxb-api.jar:/usr/local/netbeans/ide/modules/ext/jaxb/api/jsr173_api.jar" />
    <property name="libs.struts.src" value="" />
    <property name="compile.on.save" value="true" />
    <property name="apple.awt.graphics.UseQuartz" value="true" />
    <property name="user.language" value="en" />
    <property name="libs.spring-framework.classpath" value="/usr/local/netbeans/ide/modules/ext/commons-logging-1.1.jar:/usr/local/netbeans/java/modules/ext/cglib-2.2.jar:/usr/local/netbeans/java/modules/ext/spring/spring-2.5.6.SEC01.jar" />
    <property name="libs.eclipselink.maven-pom" value="" />
    <property name="libs.spring-framework300.maven-pom" value="" />
    <property name="run.test.classpath" value=":build/classes:/usr/local/netbeans/java/modules/ext/junit-3.8.2.jar:/usr/local/netbeans/platform/modules/ext/junit-4.5.jar:build/test/classes" />
    <property name="ant.project.invoked-targets" value="test" />
    <property name="useJavaUtilZip" value="true" />
    <property name="libs.swing-layout.javadoc" value="/usr/local/netbeans/platform/docs/swing-layout-1.0.4-doc.zip" />
    <property name="libs.swing-app-framework.javadoc" value="/usr/local/netbeans/java/docs/appframework-1.0.3-doc.zip" />
    <property name="libs.ejb3-persistence.maven-pom" value="" />
    <property name="libs.proguard.classpath" value="/usr/local/netbeans/mobility/external/proguard/proguard4.4.jar" />
    <property name="libs.DataBindingME-SVG.classpath" value="/usr/local/netbeans/mobility/modules/ext/netbeans_databindingme_svg.jar" />
    <property name="https.nonProxyHosts" value="localhost|127.0.0.1|jolly" />
    <property name="libs.PostgreSQLDriver.maven-pom" value="" />
    <property name="java.class.version" value="50.0" />
    <property name="libs.javaee-endorsed-api-6.0.src" value="" />
    <property name="libs.cdc-ant-utils.classpath" value="/usr/local/netbeans/mobility/modules/ext/org-netbeans-modules-j2me-cdc-project.jar" />
    <property name="netbeans.system_http_proxy" value="DIRECT" />
    <property name="libs.eclipselink.javadoc" value="/usr/local/netbeans/enterprise/docs/javaee6-doc-api.zip" />
    <property name="libs.NetBeans MIDP Components WMA.maven-pom" value="" />
    <property name="libs.jsp-compilation.maven-pom" value="" />
    <property name="user.properties.file" value="/home/michal/.netbeans/6.9/build.properties" />
    <property name="platforms.default_fx_platform.bootclasspath" value="/usr/local/netbeans/javafx/javafx-sdk/lib/shared/javafxc.jar:/usr/local/netbeans/javafx/javafx-sdk/lib/shared/javafxrt.jar:/usr/local/netbeans/javafx/javafx-sdk/lib/desktop/rt15.jar:/usr/local/netbeans/javafx/javafx-sdk/lib/desktop/javafx-geom.jar:/usr/local/netbeans/javafx/javafx-sdk/lib/desktop/javafx-ui-common.jar:/usr/local/netbeans/javafx/javafx-sdk/lib/desktop/javafx-ui-desktop.jar:/usr/local/netbeans/javafx/javafx-sdk/lib/desktop/javafx-ui-swing.jar:/usr/local/netbeans/javafx/javafx-sdk/lib/desktop/javafx-ext-swing.jar:/usr/local/netbeans/javafx/javafx-sdk/lib/desktop/fxdloader.jar:/usr/local/netbeans/javafx/javafx-sdk/lib/desktop/websvc.jar:/usr/local/netbeans/javafx/javafx-sdk/lib/desktop/javafx-ui-controls.jar:/usr/local/netbeans/javafx/javafx-sdk/lib/desktop/javafx-ui-charts.jar:/usr/local/netbeans/javafx/javafx-sdk/lib/desktop/javafx-common.jar:/usr/local/netbeans/javafx/javafx-sdk/lib/desktop/javafx-io.jar:/usr/local/netbeans/javafx/javafx-sdk/lib/desktop/eula.jar:/usr/local/netbeans/javafx/javafx-sdk/lib/desktop/javafx-anim.jar:/usr/local/netbeans/javafx/javafx-sdk/lib/desktop/decora-runtime.jar:/usr/local/netbeans/javafx/javafx-sdk/lib/desktop/decora-j2d.jar:/usr/local/netbeans/javafx/javafx-sdk/lib/desktop/decora-jsw.jar:/usr/local/netbeans/javafx/javafx-sdk/lib/desktop/decora-sse.jar:/usr/local/netbeans/javafx/javafx-sdk/lib/desktop/decora-d3d.jar:/usr/local/netbeans/javafx/javafx-sdk/lib/desktop/decora-j2d-rsl.jar:/usr/local/netbeans/javafx/javafx-sdk/lib/desktop/decora-ogl.jar:/usr/local/netbeans/javafx/javafx-sdk/lib/desktop/decora-j2d-jogl.jar:/usr/local/netbeans/javafx/javafx-sdk/lib/desktop/javafx-sg-common.jar:/usr/local/netbeans/javafx/javafx-sdk/lib/desktop/javafx-sg-swing.jar:/usr/local/netbeans/javafx/javafx-sdk/lib/desktop/jogl-common.jar:/usr/local/netbeans/javafx/javafx-sdk/lib/desktop/jogl-awt.jar:/usr/local/netbeans/javafx/javafx-sdk/lib/desktop/jmc.jar:/usr/local/netbeans/javafx/javafx-sdk/lib/desktop/script-api.jar:/usr/local/netbeans/javafx/javafx-sdk/lib/mobile/javafxapi-cldc.jar" />
    <property name="libs.spring-framework.src" value="" />
    <property name="libs.javac-api.maven-pom" value="" />
    <property name="file.encoding.pkg" value="sun.io" />
    <property name="sun.cpu.endian" value="little" />
    <property name="libs.JWSAntTasks.classpath" value="/usr/local/netbeans/java/ant/extra/org-netbeans-modules-javawebstart-anttasks.jar" />
    <property name="libs.spring-framework300.src" value="" />
    <property name="libs.ant-contrib.classpath" value="/usr/local/netbeans/mobility/modules/ext/ant-contrib-1.0b3.jar" />
    <property name="platforms.default_fx_platform.compiler" value="modern" />
    <property name="version-output" value="java version &quot;1.6" />
    <property name="javadoc.preview" value="true" />
    <property name="java.home" value="/usr/lib/jvm/java-6-sun-1.6.0.22/jre" />
    <property name="libs.jsp-compilation.src" value="" />
    <property name="libs.ricoh-ant-utils.src" value="" />
    <property name="libs.spring-webmvc.src" value="" />
    <property name="libs.ant-contrib.javadoc" value="" />
    <property name="debug.test.classpath" value=":build/classes:/usr/local/netbeans/java/modules/ext/junit-3.8.2.jar:/usr/local/netbeans/platform/modules/ext/junit-4.5.jar:build/test/classes" />
    <property name="libs.javaee-endorsed-api-6.0.classpath" value="/usr/local/netbeans/enterprise/modules/ext/javaee6-endorsed/javax.annotation.jar:/usr/local/netbeans/enterprise/modules/ext/javaee6-endorsed/jaxb-api-osgi.jar:/usr/local/netbeans/enterprise/modules/ext/javaee6-endorsed/webservices-api-osgi.jar" />
    <property name="libs.javaee-api-6.0.src" value="" />
    <property name="netbeans.importclass" value="org.netbeans.upgrade.AutoUpgrade" />
    <property name="ant.project.default-target" value="default" />
    <property name="libs.savaje-ant-utils.classpath" value="/usr/local/netbeans/mobility/modules/ext/org-netbeans-modules-j2me-cdc-project-savaje.jar" />
    <property name="libs.toplink.maven-pom" value="" />
    <property name="libs.DataBindingME.maven-pom" value="" />
    <property name="libs.PostgreSQLDriver.javadoc" value="" />
    <property name="libs.restlib.classpath" value="/usr/local/netbeans/enterprise/modules/ext/rest/asm-3.1.jar:/usr/local/netbeans/enterprise/modules/ext/rest/jackson-core-asl-1.1.1.jar:/usr/local/netbeans/enterprise/modules/ext/rest/jersey-client-1.1.5.1.jar:/usr/local/netbeans/enterprise/modules/ext/rest/jersey-core-1.1.5.1.jar:/usr/local/netbeans/enterprise/modules/ext/rest/jersey-json-1.1.5.1.jar:/usr/local/netbeans/enterprise/modules/ext/rest/jersey-server-1.1.5.1.jar:/usr/local/netbeans/enterprise/modules/ext/rest/jersey-spring-1.1.5.1.jar:/usr/local/netbeans/enterprise/modules/ext/rest/jettison-1.1.jar:/usr/local/netbeans/enterprise/modules/ext/rest/oauth-client-1.1.5.1.jar:/usr/local/netbeans/enterprise/modules/ext/rest/oauth-signature-1.1.5.1.jar:/usr/local/netbeans/ide/modules/ext/jaxb/activation.jar:/usr/local/netbeans/ide/modules/ext/jaxb/api/jaxb-api.jar:/usr/local/netbeans/ide/modules/ext/jaxb/api/jsr173_api.jar" />
    <property name="libs.JMUnit4CLDC11.javadoc" value="/usr/local/netbeans/mobility/modules/docs/jmunit-1.2.1-api.zip" />
    <property name="libs.nsicom-ant-utils.maven-pom" value="" />
    <property name="libs.MySQLDriver.maven-pom" value="" />
    <property name="libs.savaje-ant-utils.src" value="" />
    <property name="http.nonProxyHosts" value="localhost|127.0.0.1|jolly" />
    <property name="libs.junit_4.javadoc" value="/usr/local/netbeans/java/docs/junit-4.5-api.zip" />
    <property name="libs.spring-webmvc.javadoc" value="" />
    <property name="libs.toplink.src" value="" />
    <property name="libs.javaee-web-api-6.0.maven-pom" value="" />
    <property name="libs.cdc-pp-awt-layout.classpath" value="/usr/local/netbeans/mobility/modules/ext/cdc-pp-awt-layout.jar" />
    <property name="libs.cdc-agui-swing-layout.src" value="/usr/local/netbeans/mobility/sources/cdc-agui-swing-layout-src.zip" />
    <property name="run.classpath" value=":build/classes" />
    <property name="libs.hibernate-support.src" value="" />
    <property name="libs.javaee-endorsed-api-6.0.javadoc" value="/usr/local/netbeans/enterprise/docs/javaee6-doc-api.zip" />
    <property name="libs.JMUnit4CLDC11.classpath" value="/usr/local/netbeans/mobility/modules/ext/jmunit4cldc11-1.2.1.jar" />
    <property name="libs.nb_svg_midp_components.classpath" value="/usr/local/netbeans/mobility/modules/ext/nb_svg_midp_components.jar" />
    <property name="libs.spring-webmvc3.0.javadoc" value="" />
    <property name="libs.NetBeans MIDP Components PDA.classpath" value="/usr/local/netbeans/mobility/modules/ext/netbeans_midp_components_pda.jar" />
    <property name="libs.semc-ant-utils.maven-pom" value="" />
    <property name="libs.nokiadeployment.maven-pom" value="" />
    <property name="libs.restapi.src" value="" />
    <property name="libs.NetBeans MIDP Components.javadoc" value="/usr/local/netbeans/mobility/modules/docs/netbeans_midp_components_basic-api.zip" />
    <property name="sun.management.compiler" value="HotSpot 64-Bit Server Compiler" />
    <property name="javac.deprecation" value="false" />
    <property name="javadoc.use" value="true" />
    <property name="jna.boot.library.path" value="/home/michal/.netbeans/6.9/var/cache/jna" />
    <property name="sun.java2d.noddraw" value="true" />
    <property name="libs.jsp-compiler.classpath" value="/usr/local/netbeans/enterprise/ant/extra/jspcompile.jar" />
    <property name="libs.spring-webmvc.classpath" value="/usr/local/netbeans/enterprise/modules/ext/spring/spring-webmvc-2.5.6.SEC01.jar" />
    <property name="javac.compilerargs" value="" />
    <property name="ant.file" value="/home/michal/Code/JUnit-Sample/build.xml" />
    <property name="libs.beans-binding.maven-pom" value="" />
    <property name="libs.jsf12.classpath" value="/usr/local/netbeans/enterprise/modules/ext/jsf-1_2/commons-beanutils.jar:/usr/local/netbeans/enterprise/modules/ext/jsf-1_2/commons-collections.jar:/usr/local/netbeans/enterprise/modules/ext/jsf-1_2/commons-digester.jar:/usr/local/netbeans/enterprise/modules/ext/jsf-1_2/commons-logging.jar:/usr/local/netbeans/enterprise/modules/ext/jsf-1_2/jsf-api.jar:/usr/local/netbeans/enterprise/modules/ext/jsf-1_2/jsf-impl.jar" />
    <property name="sun.awt.exception.handler" value="org.netbeans.core.startup.TopLogging$AWTHandler" />
    <property name="libs.restapi.maven-pom" value="" />
    <property name="libs.beans-binding.src" value="" />
    <property name="ant.file.type.JUnitSampleSol" value="file" />
    <property name="libs.NetBeans MIDP Components PDA.javadoc" value="/usr/local/netbeans/mobility/modules/docs/netbeans_midp_components_pda-api.zip" />
    <property name="java.vm.specification.vendor" value="Sun Microsystems Inc." />
    <property name="libs.DataBindingME-PIM.javadoc" value="/usr/local/netbeans/mobility/modules/docs/netbeans_databindingme_pim-api.zip" />
    <property name="libs.swing-layout.src" value="/usr/local/netbeans/platform/docs/swing-layout-1.0.4-src.zip" />
    <property name="libs.j2me_ant_ext.src" value="" />
    <property name="org.openide.major.version" value="IDE/1" />
    <property name="java.vm.name" value="Java HotSpot(TM) 64-Bit Server VM" />
    <property name="netbeans.user" value="/home/michal/.netbeans/6.9" />
    <property name="javadoc.additionalparam" value="" />
    <property name="libs.ricoh-ant-utils.classpath" value="/usr/local/netbeans/mobility/modules/ext/org-netbeans-modules-j2me-cdc-project-ricoh.jar:/usr/local/netbeans/mobility/modules/ext/RicohAntTasks-2.0.jar:/usr/local/netbeans/mobility/modules/ext/commons-httpclient-3.0.jar:/usr/local/netbeans/ide/modules/ext/commons-logging-1.1.jar:/usr/local/netbeans/mobility/modules/ext/commons-codec-1.3.jar" />
    <property name="java.io.tmpdir" value="/tmp" />
    <property name="java.vendor.url" value="http://java.sun.com/" />
    <property name="libs.jsp-compiler.src" value="" />
    <property name="sun.boot.library.path" value="/usr/lib/jvm/java-6-sun-1.6.0.22/jre/lib/amd64" />
    <property name="have.sources" value="true" />
    <property name="debug.classpath" value=":build/classes" />
    <property name="javadoc.private" value="false" />
    <property name="test.src.dir" value="test" />
    <property name="libs.jsf20.classpath" value="/usr/local/netbeans/enterprise/modules/ext/jsf-2_0/jsf-api.jar:/usr/local/netbeans/enterprise/modules/ext/jsf-2_0/jsf-impl.jar" />
    <property name="meta.inf.dir" value="src/META-INF" />
    <property name="javadoc.encoding.used" value="UTF-8" />
    <property name="libs.DataBindingME-SVG.src" value="" />
    <property name="dist.jar" value="dist/JUnitSampleSol.jar" />
    <property name="java.runtime.name" value="Java(TM) SE Runtime Environment" />
    <property name="ant.project.name" value="JUnitSampleSol" />
    <property name="netbeans.hash.code" value="unique=NB_CND_FX_GFMOD_GROOVY_JAVA_MOB_PHP_RUBY_WEBEE0275504c0-a1f7-4e5d-ae63-09b3379198ff_d4c93e5d-1fdb-4e20-bc16-d270ccda6935" />
    <property name="libs.j2me_ant_ext.maven-pom" value="" />
    <property name="sun.cpu.isalist" value="" />
    <property name="libs.CopyLibs.javadoc" value="" />
    <property name="libs.ActiveSync.javadoc" value="" />
    <property name="org.openide.specification.version" value="6.2" />
    <property name="libs.DataBindingME-PIM.classpath" value="/usr/local/netbeans/mobility/modules/ext/netbeans_databindingme_pim.jar" />
    <property name="libs.hibernate-support.classpath" value="/usr/local/netbeans/java/modules/ext/hibernate/antlr-2.7.6.jar:/usr/local/netbeans/java/modules/ext/hibernate/asm.jar:/usr/local/netbeans/java/modules/ext/hibernate/asm-attrs.jar:/usr/local/netbeans/java/modules/ext/hibernate/cglib-2.1.3.jar:/usr/local/netbeans/java/modules/ext/hibernate/commons-collections-2.1.1.jar:/usr/local/netbeans/ide/modules/ext/commons-logging-1.1.jar:/usr/local/netbeans/java/modules/ext/hibernate/dom4j-1.6.1.jar:/usr/local/netbeans/java/modules/ext/hibernate/ehcache-1.2.3.jar:/usr/local/netbeans/java/modules/ext/hibernate/jdbc2_0-stdext.jar:/usr/local/netbeans/java/modules/ext/hibernate/jta.jar:/usr/local/netbeans/java/modules/ext/hibernate/hibernate3.jar:/usr/local/netbeans/java/modules/ext/hibernate/hibernate-tools.jar:/usr/local/netbeans/java/modules/ext/hibernate/hibernate-annotations.jar:/usr/local/netbeans/java/modules/ext/hibernate/hibernate-commons-annotations.jar:/usr/local/netbeans/java/modules/ext/hibernate/hibernate-entitymanager.jar:/usr/local/netbeans/java/modules/ext/hibernate/javassist.jar" />
    <property name="user.home" value="/home/michal" />
    <property name="debug-args-line" value="-Xdebug" />
    <property name="libs.NetBeans MIDP Components.classpath" value="/usr/local/netbeans/mobility/modules/ext/netbeans_midp_components_basic.jar" />
    <property name="libs.javaee-api-6.0.maven-pom" value="" />
    <property name="libs.JWSAntTasks.src" value="" />
    <property name="libs.CopyLibs.maven-pom" value="" />
    <property name="libs.spring-framework300.javadoc" value="" />
    <property name="libs.hibernate-persistence.maven-pom" value="" />
    <property name="libs.absolutelayout.javadoc" value="" />
    <property name="java.specification.name" value="Java Platform API Specification" />
    <property name="libs.swing-app-framework.maven-pom" value="" />
    <property name="libs.jakarta_slide_ant_webdav.maven-pom" value="" />
    <property name="libs.NetBeans MIDP Components WMA.classpath" value="/usr/local/netbeans/mobility/modules/ext/netbeans_midp_components_wma.jar" />
    <property name="libs.sjmc-ant-utils.src" value="" />
    <property name="libs.cdc-agui-swing-layout.javadoc" value="" />
    <property name="java.specification.vendor" value="Sun Microsystems Inc." />
    <property name="libs.javac-api.classpath" value="/usr/local/netbeans/java/modules/ext/javac-api-nb-7.0-b07.jar" />
    <property name="ant.file.type.JUnitSampleSol-impl" value="file" />
    <property name="platforms.default_fx_platform.home" value="/usr/lib/jvm/java-6-sun-1.6.0.22/jre" />
    <property name="libs.nokiaS80-ant-utils.classpath" value="/usr/local/netbeans/mobility/modules/ext/org-netbeans-modules-j2me-cdc-project-nokiaS80.jar" />
    <property name="java.version" value="1.6.0_22" />
    <property name="libs.NetBeans MIDP Components WMA.javadoc" value="/usr/local/netbeans/mobility/modules/docs/netbeans_midp_components_wma-api.zip" />
    <property name="javadoc.version" value="false" />
    <property name="libs.MySQLDriver.javadoc" value="" />
    <property name="org.openide.version" value="deprecated" />
    <property name="libs.ActiveSync.maven-pom" value="" />
    <property name="source.encoding" value="UTF-8" />
    <property name="libs.junit.maven-pom" value="" />
    <property name="libs.metro.javadoc" value="/usr/local/netbeans/enterprise/docs/metro-1.4-doc.zip" />
    <property name="libs.struts.maven-pom" value="" />
    <property name="netbeans.home+have.tests" value="true" />
    <property name="libs.jaxb.src" value="" />
    <property name="libs.IdentityAntTasks.maven-pom" value="" />
    <property name="work.dir" value="/home/michal/Code/JUnit-Sample" />
    <property name="libs.cdc-ant-utils.src" value="" />
    <property name="libs.jaxb.classpath" value="/usr/local/netbeans/ide/modules/ext/jaxb/jaxb-impl.jar:/usr/local/netbeans/ide/modules/ext/jaxb/jaxb-xjc.jar:/usr/local/netbeans/ide/modules/ext/jaxb/jaxb1-impl.jar:/usr/local/netbeans/ide/modules/ext/jaxb/activation.jar:/usr/local/netbeans/ide/modules/ext/jaxb/api/jaxb-api.jar:/usr/local/netbeans/ide/modules/ext/jaxb/api/jsr173_api.jar" />
    <property name="php.global.include.path" value="" />
    <property name="do.depend" value="false" />
    <property name="dist.javadoc.dir" value="dist/javadoc" />
    <property name="libs.spring-webmvc3.0.classpath" value="/usr/local/netbeans/java/modules/ext/spring-3.0/spring-webmvc-3.0.2.RELEASE.jar" />
    <property name="libs.swing-layout.classpath" value="/usr/local/netbeans/platform/modules/ext/swing-layout-1.0.4.jar" />
    <property name="libs.restlib.src" value="" />
    <property name="javac.source" value="1.5" />
    <property name="build.generated.dir" value="build/generated" />
    <property name="line.separator" value="
" />
    <property name="libs.proguard.src" value="" />
    <property name="libs.hibernate-persistence.src" value="" />
    <property name="java.specification.version" value="1.6" />
    <property name="libs.nb_svg_midp_components.javadoc" value="/usr/local/netbeans/mobility/modules/docs/nb_svg_midp_components-api.zip" />
    <property name="java.vm.info" value="mixed mode" />
    <property name="libs.jaxws21.maven-pom" value="" />
    <property name="libs.cdc-ant-utils.javadoc" value="" />
    <property name="libs.spring-framework.maven-pom" value="" />
    <property name="sun.boot.class.path" value="/usr/lib/jvm/java-6-sun-1.6.0.22/jre/lib/resources.jar:/usr/lib/jvm/java-6-sun-1.6.0.22/jre/lib/rt.jar:/usr/lib/jvm/java-6-sun-1.6.0.22/jre/lib/sunrsasign.jar:/usr/lib/jvm/java-6-sun-1.6.0.22/jre/lib/jsse.jar:/usr/lib/jvm/java-6-sun-1.6.0.22/jre/lib/jce.jar:/usr/lib/jvm/java-6-sun-1.6.0.22/jre/lib/charsets.jar:/usr/lib/jvm/java-6-sun-1.6.0.22/jre/classes" />
    <property name="javac.target" value="1.5" />
    <property name="build.test.classes.dir" value="build/test/classes" />
    <property name="src.dir" value="src" />
    <property name="libs.IdentityAntTasks.javadoc" value="" />
    <property name="libs.jsf20.src" value="" />
    <property name="libs.proguard.maven-pom" value="" />
    <property name="libs.jsf12.src" value="" />
    <property name="libs.DataBindingME-SVG.maven-pom" value="" />
    <property name="libs.nokiadeployment.src" value="" />
    <property name="libs.savaje-ant-utils.javadoc" value="" />
    <property name="libs.struts.javadoc" value="/usr/local/netbeans/enterprise/docs/struts-1.3.8-javadoc.zip" />
    <property name="libs.cdc-ant-utils.maven-pom" value="" />
    <property name="libs.cdc-agui-swing-layout.classpath" value="/usr/local/netbeans/mobility/modules/ext/cdc-agui-swing-layout.jar" />
    <property name="dist.dir" value="dist" />
    <property name="libs.groovy-all.javadoc" value="" />
    <property name="libs.groovy-all.classpath" value="/usr/local/netbeans/groovy/modules/ext/groovy-all.jar" />
    <property name="libs.sjmc-ant-utils.classpath" value="/usr/local/netbeans/mobility/modules/ext/org-netbeans-modules-j2me-cdc-project-sjmc.jar" />
    <property name="libs.JMUnit4CLDC10.classpath" value="/usr/local/netbeans/mobility/modules/ext/jmunit4cldc10-1.2.1.jar" />
    <property name="java.awt.printerjob" value="sun.print.PSPrinterJob" />
    <property name="default.javac.source" value="1.6" />
    <property name="javac.compilerargs.jaxws" value="" />
    <property name="libs.MySQLDriver.src" value="" />
    <property name="sun.jnu.encoding" value="UTF-8" />
    <property name="platforms.default_fx_platform.fxhome" value="/usr/local/netbeans/javafx/javafx-sdk" />
    <property name="libs.ant-contrib.maven-pom" value="" />
    <property name="libs.nokiadeployment.javadoc" value="" />
    <property name="build.test.results.dir" value="build/test/results" />
    <property name="java.runtime.version" value="1.6.0_22-b04" />
    <property name="libs.ejb3-persistence.javadoc" value="" />
    <property name="libs.NetBeans MIDP Components.src" value="/usr/local/netbeans/mobility/sources/netbeans_midp_components_basic-src.zip" />
    <property name="libs.sjmc-ant-utils.javadoc" value="" />
    <property name="default.javac.target" value="1.6" />
    <property name="libs.junit_4.classpath" value="/usr/local/netbeans/platform/modules/ext/junit-4.5.jar" />
    <property name="user.timezone" value="" />
    <property name="libs.ant-contrib.src" value="" />
    <property name="libs.javaee-endorsed-api-6.0.maven-pom" value="" />
    <property name="netbeans.dirs" value="/usr/local/netbeans/nb:/usr/local/netbeans/ergonomics:/usr/local/netbeans/ide:/usr/local/netbeans/java:/usr/local/netbeans/bin/../xml:/usr/local/netbeans/apisupport:/usr/local/netbeans/bin/../webcommon:/usr/local/netbeans/websvccommon:/usr/local/netbeans/enterprise:/usr/local/netbeans/mobility:/usr/local/netbeans/profiler:/usr/local/netbeans/ruby:/usr/local/netbeans/bin/../python:/usr/local/netbeans/php:/usr/local/netbeans/bin/../visualweb:/usr/local/netbeans/bin/../soa:/usr/local/netbeans/identity:/usr/local/netbeans/bin/../uml:/usr/local/netbeans/harness:/usr/local/netbeans/cnd:/usr/local/netbeans/dlight:/usr/local/netbeans/groovy:/usr/local/netbeans/bin/../extra:/usr/local/netbeans/javafx:/usr/local/netbeans/bin/../javacard:" />
    <property name="libs.jsf20.javadoc" value="/usr/local/netbeans/enterprise/docs/javaee6-doc-api.zip" />
    <property name="java.ext.dirs" value="/usr/lib/jvm/java-6-sun-1.6.0.22/jre/lib/ext:/usr/java/packages/lib/ext" />
    <property name="libs.metro.src" value="" />
    <property name="libs.savaje-ant-utils.maven-pom" value="" />
    <property name="libs.semc-ant-utils.src" value="" />
    <property name="libs.absolutelayout.classpath" value="/usr/local/netbeans/java/modules/ext/AbsoluteLayout.jar" />
    <property name="excludes" value="" />
    <property name="libs.metro.classpath" value="/usr/local/netbeans/ide/modules/ext/jaxb/activation.jar:/usr/local/netbeans/enterprise/modules/ext/metro/webservices-api.jar:/usr/local/netbeans/enterprise/modules/ext/metro/webservices-extra-api.jar:/usr/local/netbeans/enterprise/modules/ext/metro/webservices-extra.jar:/usr/local/netbeans/enterprise/modules/ext/metro/webservices-rt.jar:/usr/local/netbeans/enterprise/modules/ext/metro/webservices-tools.jar" />
    <property name="libs.restlib.maven-pom" value="" />
    <property name="libs.DataBindingME.javadoc" value="/usr/local/netbeans/mobility/modules/docs/netbeans_databindingme-api.zip" />
    <property name="apple.laf.useScreenMenuBar" value="true" />
    <property name="java.class.path" value="/home/michal/Code/JUnit-Sample/build/classes:/usr/local/netbeans/java/modules/ext/junit-3.8.2.jar:/usr/local/netbeans/platform/modules/ext/junit-4.5.jar:/home/michal/Code/JUnit-Sample/build/test/classes:/usr/local/netbeans/java/ant/lib/ant-launcher.jar:/usr/local/netbeans/java/ant/lib/ant.jar:/usr/local/netbeans/java/ant/patches/72080.jar" />
    <property name="libs.absolutelayout.src" value="" />
    <property name="libs.cdc-pp-awt-layout.maven-pom" value="" />
    <property name="os.version" value="2.6.35-23-generic" />
    <property name="application.args" value="" />
    <property name="libs.JMUnit4CLDC11.maven-pom" value="" />
    <property name="libs.toplink.javadoc" value="/usr/local/netbeans/enterprise/docs/javaee6-doc-api.zip" />
    <property name="sun.desktop" value="gnome" />
    <property name="libs.nb_svg_midp_components.maven-pom" value="" />
    <property name="libs.ricoh-ant-utils.javadoc" value="" />
    <property name="libs.NetBeans MIDP Components PDA.maven-pom" value="" />
    <property name="libs.restlib.javadoc" value="/usr/local/netbeans/enterprise/docs/jersey-client-1.1.5.1-javadoc.zip:/usr/local/netbeans/enterprise/docs/jersey-core-1.1.5.1-javadoc.zip:/usr/local/netbeans/enterprise/docs/jersey-json-1.1.5.1-javadoc.zip:/usr/local/netbeans/enterprise/docs/jersey-spring-1.1.5.1-javadoc.zip:/usr/local/netbeans/enterprise/docs/oauth-client-1.1.5.1-javadoc.zip:/usr/local/netbeans/enterprise/docs/oauth-signature-1.1.5.1-javadoc.zip" />
    <property name="libs.eclipselink.classpath" value="/usr/local/netbeans/java/modules/ext/eclipselink/eclipselink-2.0.2.jar:/usr/local/netbeans/java/modules/ext/eclipselink/eclipselink-javax.persistence-2.0.jar" />
    <property name="libs.beans-binding.javadoc" value="/usr/local/netbeans/java/docs/beansbinding-1.2.1-doc.zip" />
    <property name="java.awt.graphicsenv" value="sun.awt.X11GraphicsEnvironment" />
    <property name="java.vm.vendor" value="Sun Microsystems Inc." />
    <property name="libs.CopyLibs.classpath" value="/usr/local/netbeans/java/ant/extra/org-netbeans-modules-java-j2seproject-copylibstask.jar" />
    <property name="libs.spring-framework300.classpath" value="/usr/local/netbeans/ide/modules/ext/commons-logging-1.1.jar:/usr/local/netbeans/java/modules/ext/cglib-2.2.jar:/usr/local/netbeans/java/modules/ext/spring-3.0/spring-aop-3.0.2.RELEASE.jar:/usr/local/netbeans/java/modules/ext/spring-3.0/spring-asm-3.0.2.RELEASE.jar:/usr/local/netbeans/java/modules/ext/spring-3.0/spring-aspects-3.0.2.RELEASE.jar:/usr/local/netbeans/java/modules/ext/spring-3.0/spring-beans-3.0.2.RELEASE.jar:/usr/local/netbeans/java/modules/ext/spring-3.0/spring-context-3.0.2.RELEASE.jar:/usr/local/netbeans/java/modules/ext/spring-3.0/spring-context-support-3.0.2.RELEASE.jar:/usr/local/netbeans/java/modules/ext/spring-3.0/spring-core-3.0.2.RELEASE.jar:/usr/local/netbeans/java/modules/ext/spring-3.0/spring-expression-3.0.2.RELEASE.jar:/usr/local/netbeans/java/modules/ext/spring-3.0/spring-instrument-3.0.2.RELEASE.jar:/usr/local/netbeans/java/modules/ext/spring-3.0/spring-instrument-tomcat-3.0.2.RELEASE.jar:/usr/local/netbeans/java/modules/ext/spring-3.0/spring-jdbc-3.0.2.RELEASE.jar:/usr/local/netbeans/java/modules/ext/spring-3.0/spring-jms-3.0.2.RELEASE.jar:/usr/local/netbeans/java/modules/ext/spring-3.0/spring-orm-3.0.2.RELEASE.jar:/usr/local/netbeans/java/modules/ext/spring-3.0/spring-oxm-3.0.2.RELEASE.jar:/usr/local/netbeans/java/modules/ext/spring-3.0/spring-test-3.0.2.RELEASE.jar:/usr/local/netbeans/java/modules/ext/spring-3.0/spring-tx-3.0.2.RELEASE.jar:/usr/local/netbeans/java/modules/ext/spring-3.0/spring-web-3.0.2.RELEASE.jar:/usr/local/netbeans/java/modules/ext/spring-3.0/spring-webmvc-portlet-3.0.2.RELEASE.jar:/usr/local/netbeans/java/modules/ext/spring-3.0/spring-webmvc-3.0.2.RELEASE.jar:/usr/local/netbeans/java/modules/ext/spring-3.0/spring-struts-3.0.2.RELEASE.jar" />
    <property name="libs.jsp-compiler.maven-pom" value="" />
    <property name="libs.spring-webmvc.maven-pom" value="" />
    <property name="run.jvmargs" value="" />
    <property name="libs.ejb3-persistence.classpath" value="/usr/local/netbeans/java/modules/ext/hibernate/ejb3-persistence.jar" />
    <property name="libs.spring-framework.javadoc" value="" />
    <property name="libs.DataBindingME-PIM.src" value="" />
    <property name="libs.PostgreSQLDriver.classpath" value="/usr/local/netbeans/ide/modules/ext/postgresql-8.3-603.jdbc3.jar" />
    <property name="libs.jsf12.maven-pom" value="" />
    <property name="libs.junit.src" value="" />
    <property name="build.dir" value="build" />
    <property name="libs.CopyLibs.src" value="" />
    <property name="libs.jsp-compilation.classpath" value="/usr/local/netbeans/java/ant/lib/ant.jar:/usr/local/netbeans/enterprise/modules/ext/servlet2.5-jsp2.1-api.jar:/usr/local/netbeans/enterprise/modules/ext/glassfish-jspparser-2.0.jar:/usr/local/netbeans/enterprise/modules/ext/glassfish-logging-2.0.jar:/usr/local/netbeans/ide/modules/ext/commons-logging-1.1.jar:/usr/local/netbeans/java/ant/lib/ant-launcher.jar" />
    <property name="ant.version" value="Apache Ant version 1.8.1 compiled on April 30 2010" />
    <property name="file.encoding" value="UTF-8" />
    <property name="build.classes.excludes" value="**/*.java,**/*.form" />
    <property name="javadoc.nonavbar" value="false" />
    <property name="platform.active" value="default_platform" />
  </properties>
  <testcase classname="sample.UtilsJUnit4Test" name="helloWorldCheck" time="0.0080" />
  <testcase classname="sample.UtilsJUnit4Test" name="testWithTimeout" time="0.118" />
  <testcase classname="sample.UtilsJUnit4Test" name="checkExpectedException" time="0.0010" />
  <system-out><![CDATA[* UtilsJUnit4Test: @BeforeClass method
* UtilsJUnit4Test: @Before method
* UtilsJUnit4Test: test method 1 - helloWorldCheck()
* UtilsJUnit4Test: @After method
* UtilsJUnit4Test: @Before method
* UtilsJUnit4Test: test method 2 - testWithTimeout()
computing 1064!
1064! = 3084311021598779824264537066987274071706734383847133557563927056103332928000551478009354024085038923631754811759084811822153165030489322775763642643595548250085452817799991639346834923554286901145281118264668355186501047039248393431875397524679760806444896186422276067473293979626598196760276979082422964593791651050295568617341048178833199612408240227859849974683755535813151552698197667257246250835151002850683942728464417524866456756006538092313897267155034125404370184805731566132533647359680210660065875752157590605546399857476274511510340495707033429962172683255709387011031608662043198000321496638808289278441219026073473530708990069137321417220099231733876423596519559753802190782568335241636458105065519497288736972184241239646500201054483848498682344867922520860484142822635397707623678141161113052302683526890059912439765437503357242311594916500282484881025633987694250811314566394555175725519357209659431838814452779748668170822891650652238876319941223709778222012113315057438473518194373354773813629600762853740005535665339562495601234112940511526438737788901213344372347527056673935830219470943705803067819298216567434592383880792925154190414556427166481749982617028764311527195385645592533125657629464795356765249280328302710100084352811685587951673673120893261514442260350245604447819111885811514017487606758563352107918043018515104073418584766787852513428200751545948854014709160815094595723125653160079699776840869115399978391242259737336507639524735878310650444759557096547013784142206905770250996815588583086599633090157710124796301681071769291839921193761167078185981929454761899192971403049553070030761055521869664728224920829883709784701141487533259199668089125060456019539706739640835895751066903462813499306541085094787379065116808363430882974162927374983073236959563133253598812513775647916789628729338909613361311440635901402470456369293806600437208959349940527468819253934506011595579744519138225240057113423727271588717290779357010417759447468303261553117675810305148295332197140833273500193900190494842656464804481624478163722024189721160515995703126026028225732432044643855356069817099902877094443910573009601052846159760337702123177115143934212769251917476738745896379817365115933017833219267491844458955864066490349272173853240450839104024283485973876425638083687976175462288003416125655664163656675546072651297840525159486906876479864880467123102152126197190324385557804644379351280679662500968761200945700379256208851859493743290913107460896019938836453153098956800000000000000000000000000000000000000000000000000000000000000000000000000000000000000000000000000000000000000000000000000000000000000000000000000000000000000000000000000000000000000000000000000000000000000000000000000000000000000000000000000000000000000000000000
* UtilsJUnit4Test: @After method
* UtilsJUnit4Test: @Before method
* UtilsJUnit4Test: test method 3 - checkExpectedException()
* UtilsJUnit4Test: @After method
* UtilsJUnit4Test: @AfterClass method
]]></system-out>
  <system-err><![CDATA[]]></system-err>
</testsuite>
